[33m          Conflict: The following destination is shared by multiple files.[0m
[33m                    The written file may end up with unexpected contents.[0m
[33m                    [36m/home/runner/work/jaewon-ju.github.io/jaewon-ju.github.io/_site/feed.xml[0m[0m
[33m                     - assets/feed.xml[0m
[33m                     - feed.xml[0m
[33m                    [0m
[33m          Conflict: The following destination is shared by multiple files.[0m
[33m                    The written file may end up with unexpected contents.[0m
[33m                    [36m/home/runner/work/jaewon-ju.github.io/jaewon-ju.github.io/_site/robots.txt[0m[0m
[33m                     - assets/robots.txt[0m
[33m                     - /home/runner/work/jaewon-ju.github.io/jaewon-ju.github.io/robots.txt[0m
[33m                    [0m
[33m          Conflict: The following destination is shared by multiple files.[0m
[33m                    The written file may end up with unexpected contents.[0m
[33m                    [36m/home/runner/work/jaewon-ju.github.io/jaewon-ju.github.io/_site/posts/JAVA-메모리-사용-영역/index.html[0m[0m
[33m                     - /home/runner/work/jaewon-ju.github.io/jaewon-ju.github.io/_posts/2024-01-13-java------.md[0m
[33m                     - /home/runner/work/jaewon-ju.github.io/jaewon-ju.github.io/_posts/2024-01-14-java------.md[0m
[33m                    [0m
[33m          Conflict: The following destination is shared by multiple files.[0m
[33m                    The written file may end up with unexpected contents.[0m
[33m                    [36m/home/runner/work/jaewon-ju.github.io/jaewon-ju.github.io/_site/posts/JAVA-클래스/index.html[0m[0m
[33m                     - /home/runner/work/jaewon-ju.github.io/jaewon-ju.github.io/_posts/2024-01-15-java--.md[0m
[33m                     - /home/runner/work/jaewon-ju.github.io/jaewon-ju.github.io/_posts/2024-01-16-java--.md[0m
[33m                    [0m
[33m          Conflict: The following destination is shared by multiple files.[0m
[33m                    The written file may end up with unexpected contents.[0m
[33m                    [36m/home/runner/work/jaewon-ju.github.io/jaewon-ju.github.io/_site/posts/JAVA-예외/index.html[0m[0m
[33m                     - /home/runner/work/jaewon-ju.github.io/jaewon-ju.github.io/_posts/2024-01-21-java--.md[0m
[33m                     - /home/runner/work/jaewon-ju.github.io/jaewon-ju.github.io/_posts/2024-01-22-java--.md[0m
[33m                    [0m
[33m          Conflict: The following destination is shared by multiple files.[0m
[33m                    The written file may end up with unexpected contents.[0m
[33m                    [36m/home/runner/work/jaewon-ju.github.io/jaewon-ju.github.io/_site/posts/JAVA-입출력-관련-API/index.html[0m[0m
[33m                     - /home/runner/work/jaewon-ju.github.io/jaewon-ju.github.io/_posts/2024-02-02-java-----api.md[0m
[33m                     - /home/runner/work/jaewon-ju.github.io/jaewon-ju.github.io/_posts/2024-02-03-java-----api.md[0m
[33m                    [0m
[33m          Conflict: The following destination is shared by multiple files.[0m
[33m                    The written file may end up with unexpected contents.[0m
[33m                    [36m/home/runner/work/jaewon-ju.github.io/jaewon-ju.github.io/_site/posts/스프링-핵심-원리-싱글톤-컨테이너/index.html[0m[0m
[33m                     - /home/runner/work/jaewon-ju.github.io/jaewon-ju.github.io/_posts/2024-02-17----------.md[0m
[33m                     - /home/runner/work/jaewon-ju.github.io/jaewon-ju.github.io/_posts/2024-02-18----------.md[0m
[33m                    [0m
[33m          Conflict: The following destination is shared by multiple files.[0m
[33m                    The written file may end up with unexpected contents.[0m
[33m                    [36m/home/runner/work/jaewon-ju.github.io/jaewon-ju.github.io/_site/posts/Spring-MVC-기본-기능/index.html[0m[0m
[33m                     - /home/runner/work/jaewon-ju.github.io/jaewon-ju.github.io/_posts/2024-03-26-spring-mvc----.md[0m
[33m                     - /home/runner/work/jaewon-ju.github.io/jaewon-ju.github.io/_posts/2024-03-27-spring-mvc----.md[0m
[33m                    [0m
[33m          Conflict: The following destination is shared by multiple files.[0m
[33m                    The written file may end up with unexpected contents.[0m
[33m                    [36m/home/runner/work/jaewon-ju.github.io/jaewon-ju.github.io/_site/posts/프로젝트-4일차/index.html[0m[0m
[33m                     - /home/runner/work/jaewon-ju.github.io/jaewon-ju.github.io/_posts/2024-04-08---4-.md[0m
[33m                     - /home/runner/work/jaewon-ju.github.io/jaewon-ju.github.io/_posts/2024-04-09---4-.md[0m
[33m                    [0m
[33m          Conflict: The following destination is shared by multiple files.[0m
[33m                    The written file may end up with unexpected contents.[0m
[33m                    [36m/home/runner/work/jaewon-ju.github.io/jaewon-ju.github.io/_site/posts/주식-분석-어플리케이션-7일차/index.html[0m[0m
[33m                     - /home/runner/work/jaewon-ju.github.io/jaewon-ju.github.io/_posts/2024-04-11-------7-.md[0m
[33m                     - /home/runner/work/jaewon-ju.github.io/jaewon-ju.github.io/_posts/2024-04-12-------7-.md[0m
[33m                    [0m
[33m          Conflict: The following destination is shared by multiple files.[0m
[33m                    The written file may end up with unexpected contents.[0m
[33m                    [36m/home/runner/work/jaewon-ju.github.io/jaewon-ju.github.io/_site/posts/프롬프트-엔지니어링-초기-설정/index.html[0m[0m
[33m                     - /home/runner/work/jaewon-ju.github.io/jaewon-ju.github.io/_posts/2024-05-14--------.md[0m
[33m                     - /home/runner/work/jaewon-ju.github.io/jaewon-ju.github.io/_posts/2024-05-15--------.md[0m
[33m                    [0m
[33m          Conflict: The following destination is shared by multiple files.[0m
[33m                    The written file may end up with unexpected contents.[0m
[33m                    [36m/home/runner/work/jaewon-ju.github.io/jaewon-ju.github.io/_site/posts/MAFM-watchdog/index.html[0m[0m
[33m                     - /home/runner/work/jaewon-ju.github.io/jaewon-ju.github.io/_posts/2024-11-13-mafm-watchdog.md[0m
[33m                     - /home/runner/work/jaewon-ju.github.io/jaewon-ju.github.io/_posts/2024-11-14-mafm-watchdog.md[0m
[33m                    [0m
